{"numTotalTestSuites":8,"numPassedTestSuites":4,"numFailedTestSuites":4,"numPendingTestSuites":0,"numTotalTests":12,"numPassedTests":10,"numFailedTests":2,"numPendingTests":0,"numTodoTests":0,"snapshot":{"added":0,"failure":false,"filesAdded":0,"filesRemoved":0,"filesRemovedList":[],"filesUnmatched":0,"filesUpdated":0,"matched":0,"total":0,"unchecked":0,"uncheckedKeysByFile":[],"unmatched":0,"updated":0,"didUpdate":false},"startTime":1762044616454,"success":false,"testResults":[{"assertionResults":[{"ancestorTitles":["StaticAnalyzer","initialization"],"fullName":"StaticAnalyzer initialization should create analyzer with default options","status":"passed","title":"should create analyzer with default options","duration":2.8500999999996566,"failureMessages":[],"location":{"line":32,"column":5},"meta":{}},{"ancestorTitles":["StaticAnalyzer","initialization"],"fullName":"StaticAnalyzer initialization should create analyzer with custom options","status":"passed","title":"should create analyzer with custom options","duration":0.5480999999999767,"failureMessages":[],"location":{"line":37,"column":5},"meta":{}},{"ancestorTitles":["StaticAnalyzer","analysis"],"fullName":"StaticAnalyzer analysis should run analysis and return results","status":"failed","title":"should run analysis and return results","duration":15.699999999999818,"failureMessages":["AssertionError: expected 0 to be greater than 0\n    at D:\\P\\syncstore\\src\\test\\static-analysis.test.ts:113:31\n    at file:///D:/P/syncstore/node_modules/@vitest/runner/dist/index.js:533:5\n    at runTest (file:///D:/P/syncstore/node_modules/@vitest/runner/dist/index.js:1056:11)\n    at runSuite (file:///D:/P/syncstore/node_modules/@vitest/runner/dist/index.js:1205:15)\n    at runSuite (file:///D:/P/syncstore/node_modules/@vitest/runner/dist/index.js:1205:15)\n    at runSuite (file:///D:/P/syncstore/node_modules/@vitest/runner/dist/index.js:1205:15)\n    at runFiles (file:///D:/P/syncstore/node_modules/@vitest/runner/dist/index.js:1262:5)\n    at startTests (file:///D:/P/syncstore/node_modules/@vitest/runner/dist/index.js:1271:3)\n    at file:///D:/P/syncstore/node_modules/vitest/dist/chunks/runBaseTests.3qpJUEJM.js:126:11\n    at withEnv (file:///D:/P/syncstore/node_modules/vitest/dist/chunks/runBaseTests.3qpJUEJM.js:90:5)","AssertionError: expected 0 to be greater than 0\n    at D:\\P\\syncstore\\src\\test\\static-analysis.test.ts:113:31\n    at file:///D:/P/syncstore/node_modules/@vitest/runner/dist/index.js:533:5\n    at runTest (file:///D:/P/syncstore/node_modules/@vitest/runner/dist/index.js:1056:11)\n    at runSuite (file:///D:/P/syncstore/node_modules/@vitest/runner/dist/index.js:1205:15)\n    at runSuite (file:///D:/P/syncstore/node_modules/@vitest/runner/dist/index.js:1205:15)\n    at runSuite (file:///D:/P/syncstore/node_modules/@vitest/runner/dist/index.js:1205:15)\n    at runFiles (file:///D:/P/syncstore/node_modules/@vitest/runner/dist/index.js:1262:5)\n    at startTests (file:///D:/P/syncstore/node_modules/@vitest/runner/dist/index.js:1271:3)\n    at file:///D:/P/syncstore/node_modules/vitest/dist/chunks/runBaseTests.3qpJUEJM.js:126:11\n    at withEnv (file:///D:/P/syncstore/node_modules/vitest/dist/chunks/runBaseTests.3qpJUEJM.js:90:5)","AssertionError: expected 0 to be greater than 0\n    at D:\\P\\syncstore\\src\\test\\static-analysis.test.ts:113:31\n    at file:///D:/P/syncstore/node_modules/@vitest/runner/dist/index.js:533:5\n    at runTest (file:///D:/P/syncstore/node_modules/@vitest/runner/dist/index.js:1056:11)\n    at runSuite (file:///D:/P/syncstore/node_modules/@vitest/runner/dist/index.js:1205:15)\n    at runSuite (file:///D:/P/syncstore/node_modules/@vitest/runner/dist/index.js:1205:15)\n    at runSuite (file:///D:/P/syncstore/node_modules/@vitest/runner/dist/index.js:1205:15)\n    at runFiles (file:///D:/P/syncstore/node_modules/@vitest/runner/dist/index.js:1262:5)\n    at startTests (file:///D:/P/syncstore/node_modules/@vitest/runner/dist/index.js:1271:3)\n    at file:///D:/P/syncstore/node_modules/vitest/dist/chunks/runBaseTests.3qpJUEJM.js:126:11\n    at withEnv (file:///D:/P/syncstore/node_modules/vitest/dist/chunks/runBaseTests.3qpJUEJM.js:90:5)"],"location":{"line":87,"column":5},"meta":{}},{"ancestorTitles":["StaticAnalyzer","analysis"],"fullName":"StaticAnalyzer analysis should handle analysis errors gracefully","status":"passed","title":"should handle analysis errors gracefully","duration":2.1958999999997104,"failureMessages":[],"location":{"line":116,"column":5},"meta":{}},{"ancestorTitles":["StaticAnalyzer","report generation"],"fullName":"StaticAnalyzer report generation should generate JSON report","status":"passed","title":"should generate JSON report","duration":1.2339999999999236,"failureMessages":[],"location":{"line":176,"column":5},"meta":{}},{"ancestorTitles":["StaticAnalyzer","report generation"],"fullName":"StaticAnalyzer report generation should generate Markdown report","status":"passed","title":"should generate Markdown report","duration":0.5345000000002074,"failureMessages":[],"location":{"line":183,"column":5},"meta":{}},{"ancestorTitles":["StaticAnalyzer","report generation"],"fullName":"StaticAnalyzer report generation should generate HTML report","status":"passed","title":"should generate HTML report","duration":0.8568000000000211,"failureMessages":[],"location":{"line":190,"column":5},"meta":{}},{"ancestorTitles":["StaticAnalyzer","error handling"],"fullName":"StaticAnalyzer error handling should handle missing TypeScript config","status":"passed","title":"should handle missing TypeScript config","duration":1.825800000000072,"failureMessages":[],"location":{"line":199,"column":5},"meta":{}},{"ancestorTitles":["StaticAnalyzer","error handling"],"fullName":"StaticAnalyzer error handling should handle invalid project root","status":"failed","title":"should handle invalid project root","duration":2.0733000000000175,"failureMessages":["Error: Static analysis failed: Error: Invalid Options:\n- Unknown options: useEslintrc, extensions\n- 'extensions' has been removed.\n    at StaticAnalyzer.analyze (D:\\P\\syncstore\\src\\lib\\static-analysis\\analyzer.ts:187:13)\n    at D:\\P\\syncstore\\src\\test\\static-analysis.test.ts:211:44\n    at file:///D:/P/syncstore/node_modules/@vitest/runner/dist/index.js:146:14\n    at file:///D:/P/syncstore/node_modules/@vitest/runner/dist/index.js:533:11\n    at runWithTimeout (file:///D:/P/syncstore/node_modules/@vitest/runner/dist/index.js:39:7)\n    at runTest (file:///D:/P/syncstore/node_modules/@vitest/runner/dist/index.js:1056:17)\n    at runSuite (file:///D:/P/syncstore/node_modules/@vitest/runner/dist/index.js:1205:15)\n    at runSuite (file:///D:/P/syncstore/node_modules/@vitest/runner/dist/index.js:1205:15)\n    at runSuite (file:///D:/P/syncstore/node_modules/@vitest/runner/dist/index.js:1205:15)\n    at runFiles (file:///D:/P/syncstore/node_modules/@vitest/runner/dist/index.js:1262:5)","Error: Static analysis failed: Error: Invalid Options:\n- Unknown options: useEslintrc, extensions\n- 'extensions' has been removed.\n    at StaticAnalyzer.analyze (D:\\P\\syncstore\\src\\lib\\static-analysis\\analyzer.ts:187:13)\n    at D:\\P\\syncstore\\src\\test\\static-analysis.test.ts:211:44\n    at file:///D:/P/syncstore/node_modules/@vitest/runner/dist/index.js:146:14\n    at file:///D:/P/syncstore/node_modules/@vitest/runner/dist/index.js:533:11\n    at runWithTimeout (file:///D:/P/syncstore/node_modules/@vitest/runner/dist/index.js:39:7)\n    at runTest (file:///D:/P/syncstore/node_modules/@vitest/runner/dist/index.js:1056:17)\n    at runSuite (file:///D:/P/syncstore/node_modules/@vitest/runner/dist/index.js:1205:15)\n    at runSuite (file:///D:/P/syncstore/node_modules/@vitest/runner/dist/index.js:1205:15)\n    at runSuite (file:///D:/P/syncstore/node_modules/@vitest/runner/dist/index.js:1205:15)\n    at runFiles (file:///D:/P/syncstore/node_modules/@vitest/runner/dist/index.js:1262:5)","Error: Static analysis failed: Error: Invalid Options:\n- Unknown options: useEslintrc, extensions\n- 'extensions' has been removed.\n    at StaticAnalyzer.analyze (D:\\P\\syncstore\\src\\lib\\static-analysis\\analyzer.ts:187:13)\n    at D:\\P\\syncstore\\src\\test\\static-analysis.test.ts:211:44\n    at file:///D:/P/syncstore/node_modules/@vitest/runner/dist/index.js:146:14\n    at file:///D:/P/syncstore/node_modules/@vitest/runner/dist/index.js:533:11\n    at runWithTimeout (file:///D:/P/syncstore/node_modules/@vitest/runner/dist/index.js:39:7)\n    at runTest (file:///D:/P/syncstore/node_modules/@vitest/runner/dist/index.js:1056:17)\n    at runSuite (file:///D:/P/syncstore/node_modules/@vitest/runner/dist/index.js:1205:15)\n    at runSuite (file:///D:/P/syncstore/node_modules/@vitest/runner/dist/index.js:1205:15)\n    at runSuite (file:///D:/P/syncstore/node_modules/@vitest/runner/dist/index.js:1205:15)\n    at runFiles (file:///D:/P/syncstore/node_modules/@vitest/runner/dist/index.js:1262:5)"],"location":{"line":207,"column":5},"meta":{}},{"ancestorTitles":["Error Types and Categories"],"fullName":"Error Types and Categories should have correct error severity levels","status":"passed","title":"should have correct error severity levels","duration":0.46529999999984284,"failureMessages":[],"location":{"line":218,"column":3},"meta":{}},{"ancestorTitles":["Error Types and Categories"],"fullName":"Error Types and Categories should have correct error categories","status":"passed","title":"should have correct error categories","duration":0.3985000000002401,"failureMessages":[],"location":{"line":226,"column":3},"meta":{}},{"ancestorTitles":["Integration"],"fullName":"Integration should work with real project structure","status":"passed","title":"should work with real project structure","duration":0.31500000000005457,"failureMessages":[],"location":{"line":235,"column":3},"meta":{}}],"startTime":1762044618270,"endTime":1762044618300.315,"status":"failed","message":"","name":"D:/P/syncstore/src/test/static-analysis.test.ts"}]}